{
  "RSpec": {
    "coverage": {
      "/mnt/c/Users/Francisco Pinto/Documents/Ingeniería de Software/2022-2-grupo-20/app/models/user.rb": {
        "lines": [
          null,
          null,
          1,
          null,
          null,
          1,
          null,
          null,
          1,
          1,
          null,
          null,
          1,
          null,
          null,
          1,
          null,
          null
        ]
      },
      "/mnt/c/Users/Francisco Pinto/Documents/Ingeniería de Software/2022-2-grupo-20/app/models/application_record.rb": {
        "lines": [
          null,
          null,
          null,
          1,
          1,
          null
        ]
      },
      "/mnt/c/Users/Francisco Pinto/Documents/Ingeniería de Software/2022-2-grupo-20/app/helpers/application_helper.rb": {
        "lines": [
          null,
          null,
          null,
          1,
          null
        ]
      },
      "/mnt/c/Users/Francisco Pinto/Documents/Ingeniería de Software/2022-2-grupo-20/app/helpers/homes_helper.rb": {
        "lines": [
          null,
          null,
          null,
          1,
          null
        ]
      },
      "/mnt/c/Users/Francisco Pinto/Documents/Ingeniería de Software/2022-2-grupo-20/app/helpers/publications_helper.rb": {
        "lines": [
          null,
          null,
          null,
          1,
          null
        ]
      },
      "/mnt/c/Users/Francisco Pinto/Documents/Ingeniería de Software/2022-2-grupo-20/app/helpers/requests_helper.rb": {
        "lines": [
          1,
          null
        ]
      },
      "/mnt/c/Users/Francisco Pinto/Documents/Ingeniería de Software/2022-2-grupo-20/app/helpers/reviews_helper.rb": {
        "lines": [
          1,
          null
        ]
      },
      "/mnt/c/Users/Francisco Pinto/Documents/Ingeniería de Software/2022-2-grupo-20/app/controllers/homes_controller.rb": {
        "lines": [
          null,
          null,
          null,
          1,
          1,
          null,
          1,
          null,
          1,
          null,
          1,
          null
        ]
      },
      "/mnt/c/Users/Francisco Pinto/Documents/Ingeniería de Software/2022-2-grupo-20/app/controllers/application_controller.rb": {
        "lines": [
          null,
          null,
          1,
          null
        ]
      },
      "/mnt/c/Users/Francisco Pinto/Documents/Ingeniería de Software/2022-2-grupo-20/app/controllers/publications_controller.rb": {
        "lines": [
          null,
          null,
          null,
          1,
          1,
          null,
          1,
          0,
          null,
          null,
          1,
          0,
          0,
          null,
          0,
          0,
          null,
          0,
          null,
          null,
          null,
          null,
          1,
          0,
          null,
          null,
          1,
          0,
          null,
          null,
          1,
          0,
          null,
          null,
          1,
          0,
          0,
          0,
          0,
          null,
          null,
          null,
          null,
          null,
          null,
          null,
          null,
          null,
          1,
          0,
          0,
          null,
          0,
          null,
          null,
          1,
          0,
          null,
          null
        ]
      },
      "/mnt/c/Users/Francisco Pinto/Documents/Ingeniería de Software/2022-2-grupo-20/app/models/publication.rb": {
        "lines": [
          null,
          null,
          1,
          1,
          1,
          null,
          1,
          1,
          1,
          null
        ]
      },
      "/mnt/c/Users/Francisco Pinto/Documents/Ingeniería de Software/2022-2-grupo-20/app/models/request.rb": {
        "lines": [
          1,
          1,
          1,
          null
        ]
      },
      "/mnt/c/Users/Francisco Pinto/Documents/Ingeniería de Software/2022-2-grupo-20/app/models/review.rb": {
        "lines": [
          1,
          1,
          1,
          null,
          1,
          null
        ]
      },
      "/mnt/c/Users/Francisco Pinto/Documents/Ingeniería de Software/2022-2-grupo-20/app/controllers/requests_controller.rb": {
        "lines": [
          1,
          1,
          null,
          null,
          1,
          0,
          null,
          null,
          null,
          1,
          null,
          null,
          null,
          1,
          0,
          0,
          null,
          null,
          null,
          1,
          null,
          null,
          null,
          1,
          null,
          0,
          0,
          0,
          0,
          0,
          null,
          null,
          null,
          null,
          null,
          null,
          null,
          null,
          null,
          0,
          0,
          null,
          0,
          0,
          null,
          0,
          0,
          null,
          null,
          null,
          null,
          null,
          1,
          0,
          0,
          0,
          0,
          null,
          0,
          0,
          null,
          null,
          null,
          null,
          null,
          1,
          0,
          0,
          null,
          null,
          1,
          0,
          0,
          0,
          0,
          null,
          null,
          1,
          null,
          1,
          0,
          null,
          null,
          null,
          1,
          0,
          null,
          null
        ]
      },
      "/mnt/c/Users/Francisco Pinto/Documents/Ingeniería de Software/2022-2-grupo-20/app/controllers/reviews_controller.rb": {
        "lines": [
          1,
          null,
          1,
          1,
          1,
          null,
          null,
          1,
          0,
          0,
          0,
          0,
          0,
          0,
          null,
          0,
          0,
          null,
          0,
          null,
          null,
          null,
          1,
          null,
          null,
          1,
          null,
          null,
          1,
          1,
          null,
          null,
          1,
          0,
          0,
          0,
          0,
          null,
          null,
          1,
          0,
          0,
          0,
          0,
          null,
          null,
          1,
          1,
          0,
          null,
          null,
          null,
          null,
          null,
          null
        ]
      },
      "/mnt/c/Users/Francisco Pinto/Documents/Ingeniería de Software/2022-2-grupo-20/app/channels/application_cable/channel.rb": {
        "lines": [
          null,
          null,
          0,
          0,
          0,
          0
        ],
        "branches": {
        }
      },
      "/mnt/c/Users/Francisco Pinto/Documents/Ingeniería de Software/2022-2-grupo-20/app/channels/application_cable/connection.rb": {
        "lines": [
          null,
          null,
          0,
          0,
          0,
          0
        ],
        "branches": {
        }
      },
      "/mnt/c/Users/Francisco Pinto/Documents/Ingeniería de Software/2022-2-grupo-20/app/controllers/users/registrations_controller.rb": {
        "lines": [
          null,
          null,
          null,
          0,
          null,
          0,
          0,
          0,
          null,
          null,
          null,
          null,
          null,
          null,
          null,
          null,
          null,
          null,
          null,
          null,
          null,
          null,
          null,
          null,
          null,
          null,
          null,
          null,
          null,
          null,
          null,
          null,
          null,
          null,
          null,
          null,
          null,
          null,
          null,
          null,
          null,
          null,
          null,
          null,
          null,
          null,
          0,
          0,
          0,
          null,
          null,
          0,
          0,
          0,
          0,
          null,
          null,
          null,
          null,
          null,
          null,
          null,
          null,
          null,
          null,
          0,
          0
        ],
        "branches": {
        }
      },
      "/mnt/c/Users/Francisco Pinto/Documents/Ingeniería de Software/2022-2-grupo-20/app/jobs/application_job.rb": {
        "lines": [
          null,
          null,
          0,
          null,
          null,
          null,
          null,
          null,
          0
        ],
        "branches": {
        }
      },
      "/mnt/c/Users/Francisco Pinto/Documents/Ingeniería de Software/2022-2-grupo-20/app/mailers/application_mailer.rb": {
        "lines": [
          null,
          null,
          0,
          0,
          0,
          0
        ],
        "branches": {
        }
      }
    },
    "timestamp": 1666365198
  }
}
